#-----------------------------------------------------------
# Vivado v2022.1 (64-bit)
# SW Build 3526262 on Mon Apr 18 15:47:01 MDT 2022
# IP Build 3524634 on Mon Apr 18 20:55:01 MDT 2022
# Start of session at: Wed Aug 30 14:00:38 2023
# Process ID: 61923
# Current directory: /home/hice1/slee802/lab1/cs3220-labs/lab1/part0
# Command line: vivado
# Log file: /home/hice1/slee802/lab1/cs3220-labs/lab1/part0/vivado.log
# Journal file: /home/hice1/slee802/lab1/cs3220-labs/lab1/part0/vivado.jou
# Running On: atl1-1-01-005-4-2.pace.gatech.edu, OS: Linux, CPU Frequency: 2600.000 MHz, CPU Physical cores: 6, Host memory: 540791 MB
#-----------------------------------------------------------
start_gui
WARNING: [Board 49-26] cannot add Board Part xilinx.com:vpk120_es:part0:1.2 available at /storage/ice-shared/cs3220/design_tool_chain/xilinx_2022_1/Vivado/2022.1/data/xhub/boards/XilinxBoardStore/boards/Xilinx/vpk120/es/1.2/board.xml as part xcvp1202-vsva2785-2mp-e-s-es1 specified in board_part file is either invalid or not available
WARNING: [Board 49-26] cannot add Board Part xilinx.com:vpk120_es_revb:part0:1.0 available at /storage/ice-shared/cs3220/design_tool_chain/xilinx_2022_1/Vivado/2022.1/data/xhub/boards/XilinxBoardStore/boards/Xilinx/vpk120_revb/es/1.0/board.xml as part xcvp1202-vsva2785-2mp-e-s-es1 specified in board_part file is either invalid or not available
WARNING: [Board 49-26] cannot add Board Part xilinx.com:zcu208ld:part0:2.0 available at /storage/ice-shared/cs3220/design_tool_chain/xilinx_2022_1/Vivado/2022.1/data/xhub/boards/XilinxBoardStore/boards/Xilinx/zcu208ld/production/2.0/board.xml as part xczu58dr-fsvg1517-2-i specified in board_part file is either invalid or not available
WARNING: [Board 49-26] cannot add Board Part xilinx.com:zcu216ld:part0:2.0 available at /storage/ice-shared/cs3220/design_tool_chain/xilinx_2022_1/Vivado/2022.1/data/xhub/boards/XilinxBoardStore/boards/Xilinx/zcu216ld/production/2.0/board.xml as part xczu59dr-ffvf1760-2-i specified in board_part file is either invalid or not available
WARNING: [Board 49-26] cannot add Board Part xilinx.com:zcu670:part0:2.0 available at /storage/ice-shared/cs3220/design_tool_chain/xilinx_2022_1/Vivado/2022.1/data/xhub/boards/XilinxBoardStore/boards/Xilinx/zcu670/2.0/board.xml as part xczu67dr-fsve1156-2-i specified in board_part file is either invalid or not available
WARNING: [Board 49-26] cannot add Board Part xilinx.com:zcu670ld:part0:1.0 available at /storage/ice-shared/cs3220/design_tool_chain/xilinx_2022_1/Vivado/2022.1/data/xhub/boards/XilinxBoardStore/boards/Xilinx/zcu670ld/1.0/board.xml as part xczu57dr-fsve1156-2-i specified in board_part file is either invalid or not available
WARNING: [Board 49-26] cannot add Board Part xilinx.com:vpk120_es:part0:1.2 available at /storage/ice-shared/cs3220/design_tool_chain/xilinx_2022_1/Vivado/2022.1/data/xhub/boards/XilinxBoardStore/boards/Xilinx/vpk120/es/1.2/board.xml as part xcvp1202-vsva2785-2mp-e-s-es1 specified in board_part file is either invalid or not available
WARNING: [Board 49-26] cannot add Board Part xilinx.com:vpk120_es_revb:part0:1.0 available at /storage/ice-shared/cs3220/design_tool_chain/xilinx_2022_1/Vivado/2022.1/data/xhub/boards/XilinxBoardStore/boards/Xilinx/vpk120_revb/es/1.0/board.xml as part xcvp1202-vsva2785-2mp-e-s-es1 specified in board_part file is either invalid or not available
WARNING: [Board 49-26] cannot add Board Part xilinx.com:zcu208ld:part0:2.0 available at /storage/ice-shared/cs3220/design_tool_chain/xilinx_2022_1/Vivado/2022.1/data/xhub/boards/XilinxBoardStore/boards/Xilinx/zcu208ld/production/2.0/board.xml as part xczu58dr-fsvg1517-2-i specified in board_part file is either invalid or not available
WARNING: [Board 49-26] cannot add Board Part xilinx.com:zcu216ld:part0:2.0 available at /storage/ice-shared/cs3220/design_tool_chain/xilinx_2022_1/Vivado/2022.1/data/xhub/boards/XilinxBoardStore/boards/Xilinx/zcu216ld/production/2.0/board.xml as part xczu59dr-ffvf1760-2-i specified in board_part file is either invalid or not available
WARNING: [Board 49-26] cannot add Board Part xilinx.com:zcu670:part0:2.0 available at /storage/ice-shared/cs3220/design_tool_chain/xilinx_2022_1/Vivado/2022.1/data/xhub/boards/XilinxBoardStore/boards/Xilinx/zcu670/2.0/board.xml as part xczu67dr-fsve1156-2-i specified in board_part file is either invalid or not available
WARNING: [Board 49-26] cannot add Board Part xilinx.com:zcu670ld:part0:1.0 available at /storage/ice-shared/cs3220/design_tool_chain/xilinx_2022_1/Vivado/2022.1/data/xhub/boards/XilinxBoardStore/boards/Xilinx/zcu670ld/1.0/board.xml as part xczu57dr-fsve1156-2-i specified in board_part file is either invalid or not available
WARNING: [Board 49-26] cannot add Board Part xilinx.com:vpk120_es:part0:1.2 available at /storage/ice-shared/cs3220/design_tool_chain/xilinx_2022_1/Vivado/2022.1/data/xhub/boards/XilinxBoardStore/boards/Xilinx/vpk120/es/1.2/board.xml as part xcvp1202-vsva2785-2mp-e-s-es1 specified in board_part file is either invalid or not available
WARNING: [Board 49-26] cannot add Board Part xilinx.com:vpk120_es_revb:part0:1.0 available at /storage/ice-shared/cs3220/design_tool_chain/xilinx_2022_1/Vivado/2022.1/data/xhub/boards/XilinxBoardStore/boards/Xilinx/vpk120_revb/es/1.0/board.xml as part xcvp1202-vsva2785-2mp-e-s-es1 specified in board_part file is either invalid or not available
WARNING: [Board 49-26] cannot add Board Part xilinx.com:zcu208ld:part0:2.0 available at /storage/ice-shared/cs3220/design_tool_chain/xilinx_2022_1/Vivado/2022.1/data/xhub/boards/XilinxBoardStore/boards/Xilinx/zcu208ld/production/2.0/board.xml as part xczu58dr-fsvg1517-2-i specified in board_part file is either invalid or not available
WARNING: [Board 49-26] cannot add Board Part xilinx.com:zcu216ld:part0:2.0 available at /storage/ice-shared/cs3220/design_tool_chain/xilinx_2022_1/Vivado/2022.1/data/xhub/boards/XilinxBoardStore/boards/Xilinx/zcu216ld/production/2.0/board.xml as part xczu59dr-ffvf1760-2-i specified in board_part file is either invalid or not available
WARNING: [Board 49-26] cannot add Board Part xilinx.com:zcu670:part0:2.0 available at /storage/ice-shared/cs3220/design_tool_chain/xilinx_2022_1/Vivado/2022.1/data/xhub/boards/XilinxBoardStore/boards/Xilinx/zcu670/2.0/board.xml as part xczu67dr-fsve1156-2-i specified in board_part file is either invalid or not available
WARNING: [Board 49-26] cannot add Board Part xilinx.com:zcu670ld:part0:1.0 available at /storage/ice-shared/cs3220/design_tool_chain/xilinx_2022_1/Vivado/2022.1/data/xhub/boards/XilinxBoardStore/boards/Xilinx/zcu670ld/1.0/board.xml as part xczu57dr-fsve1156-2-i specified in board_part file is either invalid or not available
WARNING: [Board 49-26] cannot add Board Part xilinx.com:vpk120_es:part0:1.2 available at /storage/ice-shared/cs3220/design_tool_chain/xilinx_2022_1/Vivado/2022.1/data/xhub/boards/XilinxBoardStore/boards/Xilinx/vpk120/es/1.2/board.xml as part xcvp1202-vsva2785-2mp-e-s-es1 specified in board_part file is either invalid or not available
WARNING: [Board 49-26] cannot add Board Part xilinx.com:vpk120_es_revb:part0:1.0 available at /storage/ice-shared/cs3220/design_tool_chain/xilinx_2022_1/Vivado/2022.1/data/xhub/boards/XilinxBoardStore/boards/Xilinx/vpk120_revb/es/1.0/board.xml as part xcvp1202-vsva2785-2mp-e-s-es1 specified in board_part file is either invalid or not available
WARNING: [Board 49-26] cannot add Board Part xilinx.com:zcu208ld:part0:2.0 available at /storage/ice-shared/cs3220/design_tool_chain/xilinx_2022_1/Vivado/2022.1/data/xhub/boards/XilinxBoardStore/boards/Xilinx/zcu208ld/production/2.0/board.xml as part xczu58dr-fsvg1517-2-i specified in board_part file is either invalid or not available
WARNING: [Board 49-26] cannot add Board Part xilinx.com:zcu216ld:part0:2.0 available at /storage/ice-shared/cs3220/design_tool_chain/xilinx_2022_1/Vivado/2022.1/data/xhub/boards/XilinxBoardStore/boards/Xilinx/zcu216ld/production/2.0/board.xml as part xczu59dr-ffvf1760-2-i specified in board_part file is either invalid or not available
WARNING: [Board 49-26] cannot add Board Part xilinx.com:zcu670:part0:2.0 available at /storage/ice-shared/cs3220/design_tool_chain/xilinx_2022_1/Vivado/2022.1/data/xhub/boards/XilinxBoardStore/boards/Xilinx/zcu670/2.0/board.xml as part xczu67dr-fsve1156-2-i specified in board_part file is either invalid or not available
WARNING: [Board 49-26] cannot add Board Part xilinx.com:zcu670ld:part0:1.0 available at /storage/ice-shared/cs3220/design_tool_chain/xilinx_2022_1/Vivado/2022.1/data/xhub/boards/XilinxBoardStore/boards/Xilinx/zcu670ld/1.0/board.xml as part xczu57dr-fsve1156-2-i specified in board_part file is either invalid or not available
create_project project_1 /home/hice1/slee802/lab1/cs3220-labs/lab1_vivado/project_1 -part xc7vx485tffg1157-1
INFO: [IP_Flow 19-234] Refreshing IP repositories
INFO: [IP_Flow 19-1704] No user IP repositories specified
INFO: [IP_Flow 19-2313] Loaded Vivado IP repository '/storage/ice-shared/cs3220/design_tool_chain/xilinx_2022_1/Vivado/2022.1/data/ip'.
add_files {/home/hice1/slee802/lab1/cs3220-labs/lab1/part0/obj_dir/Vadder_var_seq__Syms.h /home/hice1/slee802/lab1/cs3220-labs/lab1/de_stage.v /home/hice1/slee802/lab1/cs3220-labs/lab1/test/towers/util.h /home/hice1/slee802/lab1/cs3220-labs/lab1/part0/obj_dir/Vadder_var_seq.h /home/hice1/slee802/lab1/cs3220-labs/lab1/part0/obj_dir/Vadder_var_seq___024root.h /home/hice1/slee802/lab1/cs3220-labs/lab1/fe_stage.v /home/hice1/slee802/lab1/cs3220-labs/lab1/pipeline.v /home/hice1/slee802/lab1/cs3220-labs/lab1/part0/adder_var_seq.v /home/hice1/slee802/lab1/cs3220-labs/lab1/wb_stage.v /home/hice1/slee802/lab1/cs3220-labs/lab1/define.vh /home/hice1/slee802/lab1/cs3220-labs/lab1/test/include/test_macros.h /home/hice1/slee802/lab1/cs3220-labs/lab1/agex_stage.v /home/hice1/slee802/lab1/cs3220-labs/lab1/mem_stage.v /home/hice1/slee802/lab1/cs3220-labs/lab1/test/include/riscv_test.h}
update_compile_order -fileset sources_1
update_compile_order -fileset sources_1
